info: Search Process pid = 90399 {"timestamp":"2023-08-31T08:27:50.756Z"}
info: Search Process pid = 90400 {"timestamp":"2023-08-31T08:27:50.770Z"}
info: Search Process pid = 90401 {"timestamp":"2023-08-31T08:27:50.849Z"}
info: Search Process pid = 90402 {"timestamp":"2023-08-31T08:27:50.859Z"}
info: Search Process pid = 90403 {"timestamp":"2023-08-31T08:27:50.887Z"}
info: Search Process pid = 93179 {"timestamp":"2023-08-31T08:34:27.740Z"}
info: Search request pid = 93179 {"timestamp":"2023-08-31T08:34:35.500Z"}
info: Search request was successful with user query: internship with pid = 93179 {"timestamp":"2023-08-31T08:34:40.376Z"}
info: Search request pid = 93179 {"timestamp":"2023-08-31T08:36:23.139Z"}
info: Search request was successful with user query: julius jacket with pid = 93179 {"timestamp":"2023-08-31T08:36:26.142Z"}
info: Search request pid = 93179 {"timestamp":"2023-08-31T08:37:06.916Z"}
info: Search request was successful with user query: tete homme cargo pants with pid = 93179 {"timestamp":"2023-08-31T08:37:10.858Z"}
info: Search request pid = 93179 {"timestamp":"2023-08-31T08:37:22.609Z"}
info: Search request was successful with user query: black cat jordans with pid = 93179 {"timestamp":"2023-08-31T08:37:26.800Z"}
info: Search request pid = 93179 {"timestamp":"2023-08-31T08:39:29.957Z"}
info: Search request was successful with user query: yamaha with pid = 93179 {"timestamp":"2023-08-31T08:39:33.491Z"}
info: Search request pid = 93179 {"timestamp":"2023-08-31T08:48:46.720Z"}
info: Search request was successful with user query: black shirt with pid = 93179 {"timestamp":"2023-08-31T08:48:49.860Z"}
info: Search request pid = 93179 {"timestamp":"2023-08-31T08:49:06.285Z"}
info: Search request pid = 93179 {"timestamp":"2023-08-31T08:49:09.642Z"}
info: Search request was successful with user query: denim shorts with pid = 93179 {"timestamp":"2023-08-31T08:49:11.568Z"}
info: Search request was successful with user query: denim shorts with pid = 93179 {"timestamp":"2023-08-31T08:49:12.035Z"}
info: Search request pid = 93179 {"timestamp":"2023-08-31T08:49:19.738Z"}
info: Search request was successful with user query: flip flops with pid = 93179 {"timestamp":"2023-08-31T08:49:25.785Z"}
info: Search request pid = 93179 {"timestamp":"2023-08-31T08:49:42.003Z"}
info: Search request was successful with user query: gold hoops with pid = 93179 {"timestamp":"2023-08-31T08:49:45.247Z"}
info: Search request pid = 93179 {"timestamp":"2023-08-31T08:55:00.468Z"}
info: Search request was successful with user query: flip flop with pid = 93179 {"timestamp":"2023-08-31T08:55:05.307Z"}
info: Search request pid = 93179 {"timestamp":"2023-08-31T09:05:18.087Z"}
info: Search request was successful with user query: flip flop with pid = 93179 {"timestamp":"2023-08-31T09:05:18.348Z"}
info: Search request pid = 93179 {"timestamp":"2023-08-31T09:08:44.930Z"}
info: Search request was successful with user query: Julius jacket fencing buffalo skin with pid = 93179 {"timestamp":"2023-08-31T09:08:48.443Z"}
info: Search request pid = 93179 {"timestamp":"2023-08-31T09:08:58.673Z"}
info: Search request was successful with user query: helmut lang raw denim with pid = 93179 {"timestamp":"2023-08-31T09:09:04.517Z"}
info: Search request pid = 93179 {"timestamp":"2023-08-31T09:09:16.399Z"}
info: Search request was successful with user query: helmut lang raw denim bootcut with pid = 93179 {"timestamp":"2023-08-31T09:09:23.897Z"}
info: Search request pid = 93179 {"timestamp":"2023-08-31T09:09:39.123Z"}
info: Search request was successful with user query: black leather boots with pid = 93179 {"timestamp":"2023-08-31T09:09:46.576Z"}
info: Search request pid = 93179 {"timestamp":"2023-08-31T09:09:59.424Z"}
info: Search request was successful with user query: watch brown with pid = 93179 {"timestamp":"2023-08-31T09:10:09.054Z"}
info: Search request pid = 93179 {"timestamp":"2023-08-31T09:16:33.949Z"}
info: Search request was successful with user query: Julius buffalo skin fencing jacket  with pid = 93179 {"timestamp":"2023-08-31T09:16:36.902Z"}
info: Search request pid = 93179 {"timestamp":"2023-08-31T09:16:54.745Z"}
info: Search request was successful with user query: tete homme cargo pants black with pid = 93179 {"timestamp":"2023-08-31T09:16:59.267Z"}
info: Search request pid = 93179 {"timestamp":"2023-08-31T09:17:16.354Z"}
info: Search request was successful with user query: black cat jordans  with pid = 93179 {"timestamp":"2023-08-31T09:17:20.772Z"}
info: Search request pid = 93179 {"timestamp":"2023-08-31T09:17:37.804Z"}
info: Search request was successful with user query: salomon hiking boots  with pid = 93179 {"timestamp":"2023-08-31T09:17:43.772Z"}
info: Search request pid = 93179 {"timestamp":"2023-08-31T09:22:12.068Z"}
info: Search request was successful with user query: julius buffalo skin fencing jacket  with pid = 93179 {"timestamp":"2023-08-31T09:22:15.303Z"}
info: Search request pid = 93179 {"timestamp":"2023-08-31T09:22:32.530Z"}
info: Search request was successful with user query: tete homme cargo pants blacks with pid = 93179 {"timestamp":"2023-08-31T09:22:36.760Z"}
info: Search request pid = 93179 {"timestamp":"2023-08-31T09:22:51.687Z"}
info: Search request was successful with user query: helmut lang raw denim bootcut jeans black with pid = 93179 {"timestamp":"2023-08-31T09:22:55.976Z"}
info: Search request pid = 93179 {"timestamp":"2023-08-31T09:23:10.156Z"}
info: Search request was successful with user query: cactus jack jordans  with pid = 93179 {"timestamp":"2023-08-31T09:23:15.087Z"}
info: Search request pid = 93179 {"timestamp":"2023-08-31T09:23:34.571Z"}
info: Search request was successful with user query: gold chain with pid = 93179 {"timestamp":"2023-08-31T09:23:39.382Z"}
info: Search request pid = 93179 {"timestamp":"2023-08-31T22:01:52.917Z"}
info: Search request was successful with user query: julius jacket fencing jacket buffaloskin with pid = 93179 {"timestamp":"2023-08-31T22:01:55.179Z"}
info: Search request pid = 93179 {"timestamp":"2023-08-31T22:02:09.823Z"}
info: Search request was successful with user query: cargo pants with pid = 93179 {"timestamp":"2023-08-31T22:02:14.942Z"}
info: Search request pid = 93179 {"timestamp":"2023-08-31T22:02:18.126Z"}
info: Search request was successful with user query: cargo pants with pid = 93179 {"timestamp":"2023-08-31T22:02:18.178Z"}
